0 info it worked if it ends with ok
1 verbose cli [ 'C:\\Program Files\\nodejs\\node.exe',
1 verbose cli   'C:\\Program Files\\nodejs\\node_modules\\npm\\bin\\npm-cli.js',
1 verbose cli   'rm',
1 verbose cli   '--global',
1 verbose cli   'gulp' ]
2 info using npm@3.3.12
3 info using node@v5.4.1
4 silly loadCurrentTree Starting
5 silly install loadCurrentTree
6 silly install readGlobalPackageData
7 silly rollbackFailedOptional Starting
8 silly rollbackFailedOptional Finishing
9 silly runTopLevelLifecycles Starting
10 silly runTopLevelLifecycles Finishing
11 silly install printInstalled
12 verbose stack Error: EPERM: operation not permitted, lstat 'C:\Users\aas'
12 verbose stack     at Error (native)
13 verbose cwd C:\mysocialclub
14 error Windows_NT 10.0.10240
15 error argv "C:\\Program Files\\nodejs\\node.exe" "C:\\Program Files\\nodejs\\node_modules\\npm\\bin\\npm-cli.js" "rm" "--global" "gulp"
16 error node v5.4.1
17 error npm  v3.3.12
18 error path C:\Users\aas
19 error code EPERM
20 error errno -4048
21 error syscall lstat
22 error Error: EPERM: operation not permitted, lstat 'C:\Users\aas'
22 error     at Error (native)
22 error  { [Error: EPERM: operation not permitted, lstat 'C:\Users\aas']
22 error   errno: -4048,
22 error   code: 'EPERM',
22 error   syscall: 'lstat',
22 error   path: 'C:\\Users\\aas' }
23 error Please try running this command again as root/Administrator.
24 verbose exit [ -4048, true ]
